from numpy import array

import cPickle as pickle


from mpmath import mpf 

parser = None

scaler = 'GeneralizedLinearScaler'

thermodynamics = 'ThermoCorrections'

solver = 'SteadyStateSolver'

mapper = 'MinResidMapper'

binary_data = pickle.load(open("methanol.pkl"))

locals().update(binary_data)

adsorbate_coefficient_matrix = array([[ 0.21982,  0.     , -0.78526],
       [ 0.3106 ,  0.     ,  0.75716],
       [ 0.25   ,  0.5    ,  0.4225 ],
       [ 0.49464,  0.     ,  0.23298],
       [ 0.     ,  0.46253,  1.03516],
       [ 0.23979,  0.     ,  0.13657],
       [ 0.54429,  0.     ,  0.72274],
       [ 0.39416,  0.     ,  0.96105],
       [ 0.81093,  0.     , -0.48404],
       [ 0.83333,  0.     , -0.14109],
       [ 0.44803,  0.     ,  0.2587 ],
       [ 1.     ,  0.     ,  0.     ],
       [ 0.     ,  0.41627,  0.00199],
       [ 0.     ,  1.     ,  0.     ]])

adsorbate_interaction_model = 'ideal'

adsorbate_interactions = None

adsorbate_names = ('H_h', 'CH2OH_s', 'CH2O_s', 'CH2_s', 'CH3O_s', 'CH3_s', 'CHOH_s', 'CHO_s', 'CH_s', 'COH_s', 'CO_s', 'C_s', 'OH_s', 'O_s')

adsorbate_thermo_mode = 'harmonic_adsorbate'

analytical_jacobian = True

atomic_reservoir_dict = {'H': 'H2_g', 'C': 'CO_g', 'O': 'O2_g'}

atomic_reservoir_list = [{'H': 'CH2O_g', 'C': 'CH3OH_g', 'O': 'CO2_g'}, {'H': 'CH2O_g', 'C': 'CH3OH_g', 'O': 'H2O_g'}, {'H': 'CH2O_g', 'C': 'CH3OH_g', 'O': 'O2_g'}, {'H': 'CH2O_g', 'C': 'CH4_g', 'O': 'CH3OH_g'}, {'H': 'CH2O_g', 'C': 'CH4_g', 'O': 'CO_g'}, {'H': 'CH2O_g', 'C': 'CH4_g', 'O': 'H2O_g'}, {'H': 'CH2O_g', 'C': 'CH4_g', 'O': 'O2_g'}, {'H': 'CH2O_g', 'C': 'CO2_g', 'O': 'CO_g'}, {'H': 'CH2O_g', 'C': 'CO2_g', 'O': 'H2O_g'}, {'H': 'CH2O_g', 'C': 'CO2_g', 'O': 'O2_g'}, {'H': 'CH2O_g', 'C': 'CO_g', 'O': 'H2O_g'}, {'H': 'CH2O_g', 'C': 'CO_g', 'O': 'O2_g'}, {'H': 'CH3OH_g', 'C': 'CH4_g', 'O': 'CO2_g'}, {'H': 'CH3OH_g', 'C': 'CH4_g', 'O': 'CO_g'}, {'H': 'CH3OH_g', 'C': 'CH4_g', 'O': 'H2O_g'}, {'H': 'CH3OH_g', 'C': 'CO2_g', 'O': 'CO_g'}, {'H': 'CH3OH_g', 'C': 'CO2_g', 'O': 'H2O_g'}, {'H': 'CH3OH_g', 'C': 'CO2_g', 'O': 'O2_g'}, {'H': 'CH3OH_g', 'C': 'CO_g', 'O': 'H2O_g'}, {'H': 'CH3OH_g', 'C': 'CO_g', 'O': 'O2_g'}, {'H': 'CH4_g', 'C': 'CO2_g', 'O': 'CO_g'}, {'H': 'CH4_g', 'C': 'CO2_g', 'O': 'H2O_g'}, {'H': 'CH4_g', 'C': 'CO2_g', 'O': 'O2_g'}, {'H': 'CH4_g', 'C': 'CO_g', 'O': 'H2O_g'}, {'H': 'CH4_g', 'C': 'CO_g', 'O': 'O2_g'}, {'H': 'H2O_g', 'C': 'CH2O_g', 'O': 'O2_g'}, {'H': 'H2O_g', 'C': 'CH3OH_g', 'O': 'O2_g'}, {'H': 'H2O_g', 'C': 'CH4_g', 'O': 'O2_g'}, {'H': 'H2O_g', 'C': 'CO2_g', 'O': 'CO_g'}, {'H': 'H2O_g', 'C': 'CO2_g', 'O': 'O2_g'}, {'H': 'H2O_g', 'C': 'CO_g', 'O': 'O2_g'}, {'H': 'H2_g', 'C': 'CH2O_g', 'O': 'CO2_g'}, {'H': 'H2_g', 'C': 'CH2O_g', 'O': 'H2O_g'}, {'H': 'H2_g', 'C': 'CH2O_g', 'O': 'O2_g'}, {'H': 'H2_g', 'C': 'CH3OH_g', 'O': 'CO2_g'}, {'H': 'H2_g', 'C': 'CH3OH_g', 'O': 'H2O_g'}, {'H': 'H2_g', 'C': 'CH3OH_g', 'O': 'O2_g'}, {'H': 'H2_g', 'C': 'CH4_g', 'O': 'CH2O_g'}, {'H': 'H2_g', 'C': 'CH4_g', 'O': 'CH3OH_g'}, {'H': 'H2_g', 'C': 'CH4_g', 'O': 'CO2_g'}, {'H': 'H2_g', 'C': 'CH4_g', 'O': 'CO_g'}, {'H': 'H2_g', 'C': 'CH4_g', 'O': 'H2O_g'}, {'H': 'H2_g', 'C': 'CH4_g', 'O': 'O2_g'}, {'H': 'H2_g', 'C': 'CO2_g', 'O': 'CO_g'}, {'H': 'H2_g', 'C': 'CO2_g', 'O': 'H2O_g'}, {'H': 'H2_g', 'C': 'CO2_g', 'O': 'O2_g'}, {'H': 'H2_g', 'C': 'CO_g', 'O': 'H2O_g'}, {'H': 'H2_g', 'C': 'CO_g', 'O': 'O2_g'}]

atoms_dict = {}

avoid_scaling = False

coefficient_matrix = array([[  2.19820000e-01,   0.00000000e+00,  -7.85260000e-01],
       [  3.10600000e-01,   0.00000000e+00,   7.57160000e-01],
       [  2.50000000e-01,   5.00000000e-01,   4.22500000e-01],
       [  4.94640000e-01,   0.00000000e+00,   2.32980000e-01],
       [  0.00000000e+00,   4.62530000e-01,   1.03516000e+00],
       [  2.39790000e-01,   0.00000000e+00,   1.36570000e-01],
       [  5.44290000e-01,   0.00000000e+00,   7.22740000e-01],
       [  3.94160000e-01,   0.00000000e+00,   9.61050000e-01],
       [  8.10930000e-01,   0.00000000e+00,  -4.84040000e-01],
       [  8.33330000e-01,   0.00000000e+00,  -1.41090000e-01],
       [  4.48030000e-01,   0.00000000e+00,   2.58700000e-01],
       [  1.00000000e+00,   0.00000000e+00,   0.00000000e+00],
       [  0.00000000e+00,   4.16270000e-01,   1.99000000e-03],
       [  0.00000000e+00,   1.00000000e+00,   0.00000000e+00],
       [  1.07972592e+00,   0.00000000e+00,   3.08414567e-01],
       [  2.66546223e-01,   0.00000000e+00,  -4.15174184e-01],
       [  8.92841331e-01,   4.58317069e-01,   2.87847124e-01],
       [  6.94489596e-01,   8.56411276e-01,   1.75436161e+00],
       [  7.40771176e-01,   0.00000000e+00,   9.07834393e-01],
       [  9.46001655e-01,   3.93792109e-01,   1.06680008e+00],
       [  7.59051701e-01,   7.59051701e-01,   2.39452942e+00],
       [  5.60578589e-01,   4.71761381e-01,   6.34625457e-01],
       [  4.20185650e-01,   8.49477701e-01,   1.79968998e+00],
       [  4.66700361e-01,   0.00000000e+00,   1.53186721e+00],
       [  3.66549108e-01,   0.00000000e+00,   1.60762643e+00],
       [  9.22700067e-01,   0.00000000e+00,  -3.65092935e-01],
       [  7.24770546e-01,   3.72042266e-01,   7.53172824e-01],
       [  5.93102236e-01,   7.31385245e-01,   1.73347219e+00],
       [  2.56350188e-01,   4.45018111e-01,   1.13764228e+00],
       [  1.79435625e-01,   7.48303201e-01,   2.04554750e+00],
       [  3.40588783e-01,   0.00000000e+00,   1.22040887e+00],
       [  0.00000000e+00,   3.75638812e-01,   2.11177987e+00],
       [  6.38932321e-01,   0.00000000e+00,   1.63346436e-01],
       [  4.22542119e-01,   3.55595196e-01,   1.34462231e+00],
       [  3.59438098e-01,   7.26666057e-01,   2.00579395e+00],
       [  3.15142172e-01,   0.00000000e+00,   1.61738319e+00],
       [  0.00000000e+00,   9.90259842e-02,   1.66077121e+00],
       [  0.00000000e+00,   7.35112936e-01,   1.71394251e+00],
       [  4.12960790e-01,   0.00000000e+00,   7.28740181e-02],
       [  9.89935458e-02,   1.71850550e-01,   2.35455617e+00],
       [  0.00000000e+00,   6.66141064e-01,   2.72194581e+00],
       [  1.10650733e-01,   2.32823598e-01,   1.62458924e+00],
       [  4.40924360e-01,   0.00000000e+00,   1.70278708e+00],
       [  7.49697969e-01,   0.00000000e+00,   1.18216361e+00],
       [  2.38035321e-01,   5.31293265e-01,   2.39081473e+00],
       [  3.96054520e-01,   0.00000000e+00,   1.44035282e+00],
       [  0.00000000e+00,   5.31534972e-01,   6.04553269e-01],
       [  1.37924088e-01,   2.61184880e-01,   3.56470205e-01],
       [  1.62063635e-01,   7.37256095e-01,   7.03186306e-01],
       [  0.00000000e+00,   1.36444663e+00,   3.01203271e+00]])

coefficient_maxs = [[1e+99, 0.0, 1e+99], [1e+99, 0.0, 1e+99], [0.25, 0.5, 1e+99], [1e+99, 0.0, 1e+99], [0.0, 1e+99, 1e+99], [1e+99, 0.0, 1e+99], [1e+99, 0.0, 1e+99], [1e+99, 0.0, 1e+99], [1e+99, 0.0, 1e+99], [1e+99, 0.0, 1e+99], [1e+99, 0.0, 1e+99], [1e+99, 0.0, 1e+99], [0.0, 1e+99, 1e+99], [0.0, 1e+99, 1e+99], [1e+99, 1e+99, 1e+99], [1e+99, 1e+99, 1e+99], [1e+99, 1e+99, 1e+99], [1e+99, 1e+99, 1e+99], [1e+99, 1e+99, 1e+99], [1e+99, 1e+99, 1e+99], [1e+99, 1e+99, 1e+99], [1e+99, 1e+99, 1e+99], [1e+99, 1e+99, 1e+99], [1e+99, 1e+99, 1e+99], [1e+99, 1e+99, 1e+99], [1e+99, 1e+99, 1e+99], [1e+99, 1e+99, 1e+99], [1e+99, 1e+99, 1e+99], [1e+99, 1e+99, 1e+99], [1e+99, 1e+99, 1e+99], [1e+99, 1e+99, 1e+99], [1e+99, 1e+99, 1e+99], [1e+99, 1e+99, 1e+99], [1e+99, 1e+99, 1e+99], [1e+99, 1e+99, 1e+99], [1e+99, 1e+99, 1e+99], [1e+99, 1e+99, 1e+99], [1e+99, 1e+99, 1e+99], [1e+99, 1e+99, 1e+99], [1e+99, 1e+99, 1e+99], [1e+99, 1e+99, 1e+99], [1e+99, 1e+99, 1e+99], [1e+99, 1e+99, 1e+99], [1e+99, 1e+99, 1e+99], [1e+99, 1e+99, 1e+99], [1e+99, 1e+99, 1e+99], [1e+99, 1e+99, 1e+99], [1e+99, 1e+99, 1e+99], [1e+99, 1e+99, 1e+99], [1e+99, 1e+99, 1e+99]]

coefficient_mins = [[0, 0.0, -1e+99], [0, 0.0, -1e+99], [0.25, 0.5, -1e+99], [0, 0.0, -1e+99], [0.0, 0, -1e+99], [0, 0.0, -1e+99], [0, 0.0, -1e+99], [0, 0.0, -1e+99], [0, 0.0, -1e+99], [0, 0.0, -1e+99], [0, 0.0, -1e+99], [0, 0.0, -1e+99], [0.0, 0, -1e+99], [0.0, 0, -1e+99], [0, 0, -1e+99], [0, 0, -1e+99], [0, 0, -1e+99], [0, 0, -1e+99], [0, 0, -1e+99], [0, 0, -1e+99], [0, 0, -1e+99], [0, 0, -1e+99], [0, 0, -1e+99], [0, 0, -1e+99], [0, 0, -1e+99], [0, 0, -1e+99], [0, 0, -1e+99], [0, 0, -1e+99], [0, 0, -1e+99], [0, 0, -1e+99], [0, 0, -1e+99], [0, 0, -1e+99], [0, 0, -1e+99], [0, 0, -1e+99], [0, 0, -1e+99], [0, 0, -1e+99], [0, 0, -1e+99], [0, 0, -1e+99], [0, 0, -1e+99], [0, 0, -1e+99], [0, 0, -1e+99], [0, 0, -1e+99], [0, 0, -1e+99], [0, 0, -1e+99], [0, 0, -1e+99], [0, 0, -1e+99], [0, 0, -1e+99], [0, 0, -1e+99], [0, 0, -1e+99], [0, 0, -1e+99]]

coverage_headers = ['coverage', 'coadsorbate_coverage']

data_file = 'methanol.pkl'

decimal_precision = 100

default_constraints = ['+', '+', None]

default_interaction_constraints = None

descriptor_decimal_precision = 2

descriptor_dict = {'Ag': [6.06, 2.16], 'Pt': [2.15, 1.51], 'Au': [5.05, 2.57], 'Pd': [2.23, 1.21], 'Rh': [1.97, 0.6], 'Cu': [4.52, 1.05]}

descriptor_names = ('C_s', 'O_s')

descriptor_ranges = [[0, 8], [-3, 5]]

echem_transition_state_names = []

electrochemical_thermo_mode = 'simple_electrochemical'

elementary_rxns = ([['CH4_g', 's', 'h'], ['CH3-H_s', 'h'], ['CH3_s', 'H_h']], [['CH3_s', 'h'], ['CH2-H_s', 'h'], ['CH2_s', 'H_h']], [['CH2_s', 'h'], ['CH-H_s', 'h'], ['CH_s', 'H_h']], [['CH_s', 'h'], ['C-H_h', 's'], ['C_s', 'H_h']], [['CH4_g', 'O_s', 's'], ['CH3-H--O_s', 's'], ['CH3_s', 'OH_s']], [['CH3_s', 'O_s'], ['CH2-H--O_s', 's'], ['CH2_s', 'OH_s']], [['CH2_s', 'O_s'], ['CH-H--O_s', 's'], ['CH_s', 'OH_s']], [['CH_s', 'O_s'], ['C-H--O_s', 's'], ['C_s', 'OH_s']], [['CH4_g', 'OH_s', 's'], ['CH3-H--OH_s', 's'], ['CH3_s', 'H2O_g', 's']], [['CH3_s', 'OH_s'], ['CH2-H--OH_s', 's'], ['CH2_s', 's', 'H2O_g']], [['CH2_s', 'OH_s'], ['CH-H--OH_s', 's'], ['CH_s', 's', 'H2O_g']], [['CH_s', 'OH_s'], ['C-H--OH_s', 's'], ['C_s', 's', 'H2O_g']], [['H2O_g', 's', 'h'], ['HO-H_s', 'h'], ['OH_s', 'H_h']], [['OH_s', 'h'], ['O-H_s', 'h'], ['O_s', 'H_h']], [['O2_g', 's', 's'], ['O-O_s', 's'], ['O_s', 'O_s']], [['H2_g', 'h', 'h'], ['H-H_h', 'h'], ['H_h', 'H_h']], [['CH3O_s', 's'], ['CH3-O_s', 's'], ['CH3_s', 'O_s']], [['CH3OH_g', 's', 'h'], ['CH3O-H_s', 'h'], ['CH3O_s', 'H_h']], [['CH3OH_g', 's', 's'], ['CH3-OH_s', 's'], ['CH3_s', 'OH_s']], [['CH2O_s', 's'], ['CH2-O_s', 's'], ['CH2_s', 'O_s']], [['CH3O_s', 'h'], ['CH2-H-O_s', 'h'], ['CH2O_s', 'H_h']], [['CH2OH_s', 'h'], ['CH2O-H_s', 'h'], ['CH2O_s', 'H_h']], [['CH2OH_s', 's'], ['CH2-OH_s', 's'], ['CH2_s', 'OH_s']], [['CH3OH_g', 's', 'h'], ['CH2-H-OH_s', 'h'], ['CH2OH_s', 'H_h']], [['CHO_s', 's'], ['CH-O_s', 's'], ['CH_s', 'O_s']], [['CH2O_s', 'h'], ['CH-H-O_s', 'h'], ['CHO_s', 'H_h']], [['CHOH_s', 'h'], ['CHO-H_s', 'h'], ['CHO_s', 'H_h']], [['CHOH_s', 's'], ['CH-OH_s', 's'], ['CH_s', 'OH_s']], [['CH2OH_s', 'h'], ['CH-H-OH_s', 'h'], ['CHOH_s', 'H_h']], [['CO_s', 's'], ['C-O_s', 's'], ['C_s', 'O_s']], [['CHO_s', 'h'], ['H-CO_s', 'h'], ['CO_s', 'H_h']], [['COH_s', 'h'], ['CO-H_s', 'h'], ['CO_s', 'H_h']], [['COH_s', 's'], ['C-OH_s', 's'], ['C_s', 'OH_s']], [['CHOH_s', 'h'], ['C-H-OH_s', 'h'], ['COH_s', 'H_h']], [['CO2_g', 's', 's'], ['CO-O_s', 's'], ['CO_s', 'O_s']], [['CO_g', 's'], ['CO_s']], [['CH2O_g', 's'], ['CH2O_s']], [['H2O_g', 'O_s', 's'], ['HO-H--O_s', 's'], ['OH_s', 'OH_s']])

estimate_frequencies = False

extrapolate_coverages = False

fixed_entropy_dict = {'H2_g': 0.00135, 'other': 0.002}

force_recalculation = False

force_recompilation = False

frequency_surface_names = []

frequency_unit_conversion = 0.0001239842

gas_names = ('CH2O_g', 'CH3OH_g', 'CH4_g', 'CO2_g', 'CO_g', 'H2O_g', 'H2_g', 'O2_g')

gas_pressures = [0.0, 0.0, 0.5, 0.17, 0.0, 0.33, 0.0, 0.0]

gas_thermo_mode = 'shomate_gas'

hbond_dict = {'OCHCH2': 0.0, 'C': 0.0, 'CH': 0.0, 'CO': -0.1, 'OH': -0.5, 'CHOH': -0.25, 'H': 0.0, 'OCHO': 0.0, 'O': 0.0, 'CHO': -0.1, 'OCH3': 0.0, 'CH2': 0.0, 'CH3': 0.0, 'COHOH': -0.25, 'OCH2O': 0.0, 'CH2OH': -0.25, 'CH2O': 0.0, 'COH': -0.25, 'COOH': -0.25, 'OCHCHO': 0.0}

ideal_gas_params = {'H2_g': [2, 'linear', 0], 'CH3OH_g': [1, 'nonlinear', 0], 'C5H6O2_g': [1, 'nonlinear', 0], 'CO_g': [1, 'linear', 0], 'H2O_g': [2, 'nonlinear', 0], 'HCOOH_g': [1, 'nonlinear', 0], 'CH3CH2CHCH2_g': [1, 'nonlinear', 0], 'CH3CHCH2_g': [1, 'nonlinear', 0], 'O2_g': [2, 'linear', 1.0], 'N2_g': [2, 'linear', 0], 'CH3CH2OH_g': [1, 'nonlinear', 0], 'NH3_g': [3, 'nonlinear', 0], 'CH4_g': [12, 'nonlinear', 0], 'CH3CHO_g': [1, 'nonlinear', 0], 'CH2CH2_g': [4, 'nonlinear', 0], 'CH3CHCHCH3_g': [2, 'nonlinear', 0], 'CO2_g': [2, 'linear', 0], 'pe_g': [2, 'linear', 0], 'CH3CH3CCH2_g': [2, 'nonlinear', 0], 'C2H4_g': [4, 'nonlinear', 0], 'C5H4O2_g': [1, 'nonlinear', 0], 'C5H6O_g': [1, 'nonlinear', 0], 'CH2O_g': [2, 'nonlinear', 0], 'CH3COOH_g': [1, 'nonlinear', 0], 'C2H6_g': [6, 'nonlinear', 0]}

input_file = 'energies.txt'

interaction_fitting_mode = None

interaction_surface_names = None

internally_constrain_coverages = True

max_bisections = 5

max_initial_guesses = 3

max_rootfinding_iterations = 100

max_self_interaction = 'Pd'

max_tolerance_iterations = 100

model_name = 'mechanism'

numerical_representation = 'mpmath'

optimize_analytical_expressions = False

output_labels = {'rate': ([['CH4_g', 's', 'h'], ['CH3-H_s', 'h'], ['CH3_s', 'H_h']], [['CH3_s', 'h'], ['CH2-H_s', 'h'], ['CH2_s', 'H_h']], [['CH2_s', 'h'], ['CH-H_s', 'h'], ['CH_s', 'H_h']], [['CH_s', 'h'], ['C-H_h', 's'], ['C_s', 'H_h']], [['CH4_g', 'O_s', 's'], ['CH3-H--O_s', 's'], ['CH3_s', 'OH_s']], [['CH3_s', 'O_s'], ['CH2-H--O_s', 's'], ['CH2_s', 'OH_s']], [['CH2_s', 'O_s'], ['CH-H--O_s', 's'], ['CH_s', 'OH_s']], [['CH_s', 'O_s'], ['C-H--O_s', 's'], ['C_s', 'OH_s']], [['CH4_g', 'OH_s', 's'], ['CH3-H--OH_s', 's'], ['CH3_s', 'H2O_g', 's']], [['CH3_s', 'OH_s'], ['CH2-H--OH_s', 's'], ['CH2_s', 's', 'H2O_g']], [['CH2_s', 'OH_s'], ['CH-H--OH_s', 's'], ['CH_s', 's', 'H2O_g']], [['CH_s', 'OH_s'], ['C-H--OH_s', 's'], ['C_s', 's', 'H2O_g']], [['H2O_g', 's', 'h'], ['HO-H_s', 'h'], ['OH_s', 'H_h']], [['OH_s', 'h'], ['O-H_s', 'h'], ['O_s', 'H_h']], [['O2_g', 's', 's'], ['O-O_s', 's'], ['O_s', 'O_s']], [['H2_g', 'h', 'h'], ['H-H_h', 'h'], ['H_h', 'H_h']], [['CH3O_s', 's'], ['CH3-O_s', 's'], ['CH3_s', 'O_s']], [['CH3OH_g', 's', 'h'], ['CH3O-H_s', 'h'], ['CH3O_s', 'H_h']], [['CH3OH_g', 's', 's'], ['CH3-OH_s', 's'], ['CH3_s', 'OH_s']], [['CH2O_s', 's'], ['CH2-O_s', 's'], ['CH2_s', 'O_s']], [['CH3O_s', 'h'], ['CH2-H-O_s', 'h'], ['CH2O_s', 'H_h']], [['CH2OH_s', 'h'], ['CH2O-H_s', 'h'], ['CH2O_s', 'H_h']], [['CH2OH_s', 's'], ['CH2-OH_s', 's'], ['CH2_s', 'OH_s']], [['CH3OH_g', 's', 'h'], ['CH2-H-OH_s', 'h'], ['CH2OH_s', 'H_h']], [['CHO_s', 's'], ['CH-O_s', 's'], ['CH_s', 'O_s']], [['CH2O_s', 'h'], ['CH-H-O_s', 'h'], ['CHO_s', 'H_h']], [['CHOH_s', 'h'], ['CHO-H_s', 'h'], ['CHO_s', 'H_h']], [['CHOH_s', 's'], ['CH-OH_s', 's'], ['CH_s', 'OH_s']], [['CH2OH_s', 'h'], ['CH-H-OH_s', 'h'], ['CHOH_s', 'H_h']], [['CO_s', 's'], ['C-O_s', 's'], ['C_s', 'O_s']], [['CHO_s', 'h'], ['H-CO_s', 'h'], ['CO_s', 'H_h']], [['COH_s', 'h'], ['CO-H_s', 'h'], ['CO_s', 'H_h']], [['COH_s', 's'], ['C-OH_s', 's'], ['C_s', 'OH_s']], [['CHOH_s', 'h'], ['C-H-OH_s', 'h'], ['COH_s', 'H_h']], [['CO2_g', 's', 's'], ['CO-O_s', 's'], ['CO_s', 'O_s']], [['CO_g', 's'], ['CO_s']], [['CH2O_g', 's'], ['CH2O_s']], [['H2O_g', 'O_s', 's'], ['HO-H--O_s', 's'], ['OH_s', 'OH_s']]), 'production_rate': ('CH2O_g', 'CH3OH_g', 'CH4_g', 'CO2_g', 'CO_g', 'H2O_g', 'H2_g', 'O2_g'), 'coverage': ('H_h', 'CH2OH_s', 'CH2O_s', 'CH2_s', 'CH3O_s', 'CH3_s', 'CHOH_s', 'CHO_s', 'CH_s', 'COH_s', 'CO_s', 'C_s', 'OH_s', 'O_s'), 'free_energy': ('CH2O_g', 'CH3OH_g', 'CH4_g', 'CO2_g', 'CO_g', 'H2O_g', 'H2_g', 'O2_g', 'H_h', 'CH2OH_s', 'CH2O_s', 'CH2_s', 'CH3O_s', 'CH3_s', 'CHOH_s', 'CHO_s', 'CH_s', 'COH_s', 'CO_s', 'C_s', 'OH_s', 'O_s', 'C-H_h', 'H-H_h', 'C-H--OH_s', 'C-H--O_s', 'C-H-OH_s', 'C-OH_s', 'C-O_s', 'CH-H--OH_s', 'CH-H--O_s', 'CH-H-OH_s', 'CH-H-O_s', 'CH-H_s', 'CH-OH_s', 'CH-O_s', 'CH2-H--OH_s', 'CH2-H--O_s', 'CH2-H-OH_s', 'CH2-H-O_s', 'CH2-H_s', 'CH2-OH_s', 'CH2-O_s', 'CH2O-H_s', 'CH3-H--OH_s', 'CH3-H--O_s', 'CH3-H_s', 'CH3-OH_s', 'CH3-O_s', 'CH3O-H_s', 'CHO-H_s', 'CO-H_s', 'CO-O_s', 'H-CO_s', 'HO-H--O_s', 'HO-H_s', 'O-H_s', 'O-O_s')}

output_variables = ['coverage', 'rate', 'production_rate', 'free_energy']

parameter_dict = {'CH-H--O_s': [6.18, None, 4.42, 3.92, 4.18, 2.96], 'CH2-H--OH_s': [3.34, None, 2.61, 2.53, 2.35, 2.05], 'CH-O_s': [7.01, None, 4.92, 4.07, 4.21, 3.29], 'CHO_s': [3.27, 2.88, 2.96, 1.85, 1.75, 1.72], 'C-H--O_s': [7.82, None, 5.75, 4.47, 4.57, 3.53], 'CO_s': [2.73, 2.81, 2.34, 1.04, 1.34, 1.14], 'CH-H-OH_s': [4.39, None, 3.47, 2.84, 2.65, 2.08], 'CH3-H_s': [2.55, None, 1.88, 0.95, 0.99, 0.88], 'CH2O_s': [2.22, 2.23, 2.23, 1.98, 2.18, 1.74], 'CH2-H-O_s': [2.98, None, 2.65, 2.47, 2.79, 2.06], 'CH2O-H_s': [3.57, None, 3.18, 2.42, 2.19, 2.2], 'CH-H_s': [5.24, None, 3.58, 1.86, 1.6, 1.36], 'COH_s': [4.88, 4.1, 3.64, 1.69, 1.58, 1.58], 'O-O_s': [5.85, None, 4.44, 4.83, 5.15, 3.7], 'CH2-H-OH_s': [3.31, None, 2.7, 2.03, 1.96, 1.83], 'H-H_h': [1.07, None, 0.78, 0.08, 0.09, 0.18], 'C-H--OH_s': [6.29, None, 4.72, 2.95, 3.02, 2.45], 'CHO-H_s': [4.34, None, 3.66, 2.77, 2.6, 2.52], 'O_s': [2.16, 2.57, 1.05, 1.21, 1.51, 0.6], 'C-H-OH_s': [5.54, None, 3.82, 2.67, 2.72, 2.17], 'CO-O_s': [4.87, None, 3.86, 3.74, 3.87, 2.96], 'CH-H-O_s': [3.84, None, 3.17, 2.48, 2.48, 2.2], 'C-H_h': [6.95, None, 5.06, 2.84, 2.58, 2.42], 'CO-H_s': [5.5, None, 4.39, 2.8, 2.73, 2.64], 'H_h': [0.49, 0.52, 0.07, -0.4, -0.25, -0.31], 'C-OH_s': [7.31, None, 5.64, 3.82, 3.76, 3.27], 'CH3-OH_s': [3.18, None, 2.86, 2.91, 2.94, 2.66], 'CH3-O_s': [4.32, None, 3.26, 3.49, 3.86, 2.92], 'CH2_s': [3.26, 2.73, 2.42, 1.42, 1.21, 1.23], 'O-H_s': [3.27, None, 2.07, 1.88, 2.16, 1.55], 'CH-H--OH_s': [4.69, None, 3.41, 2.73, 2.72, 2.05], 'HO-H_s': [1.74, None, 1.29, 0.98, 0.86, 0.75], 'CHOH_s': [3.94, 3.49, 3.3, 2.02, 1.64, 1.91], 'CH3_s': [1.59, 1.27, 1.32, 0.72, 0.49, 0.7], 'H-CO_s': [3.72, None, 3.11, 2.25, 2.39, 2.15], 'CH_s': [4.47, 3.59, 3.14, 1.43, 1.15, 1.14], 'OH_s': [0.58, 1.2, 0.17, 0.62, 0.96, 0.27], 'CH3-H--OH_s': [1.97, None, 1.8, 1.78, 1.84, 1.53], 'HO-H--O_s': [1.78, None, 0.9, 1.38, 1.65, 0.62], 'CH2-H_s': [4.0, None, 2.89, 1.8, 1.47, 1.3], 'C_s': [6.06, 5.05, 4.52, 2.23, 2.15, 1.97], 'CH2-H--O_s': [4.73, None, 3.55, 3.58, 3.59, 2.76], 'CH2-O_s': [5.79, None, 4.13, 4.04, 3.91, 2.99], 'CH2-OH_s': [4.39, None, 3.52, 2.9, 2.84, 2.44], 'CH3O_s': [1.79, 2.3, 1.36, 1.65, 2.03, 1.29], 'C-O_s': [8.7, None, 6.42, 5.04, 5.36, 4.26], 'CH3-H--O_s': [3.2, None, 2.5, 2.71, 2.92, 2.04], 'CH-OH_s': [5.65, None, 4.27, 3.06, 2.93, 2.46], 'CH3O-H_s': [2.85, None, 2.36, 2.26, 1.94, 1.97], 'CH2OH_s': [2.61, 2.19, 2.38, 1.48, 1.27, 1.44]}

parameter_mode = 'formation_energy'

parameter_names = ('H_h', 'CH2OH_s', 'CH2O_s', 'CH2_s', 'CH3O_s', 'CH3_s', 'CHOH_s', 'CHO_s', 'CH_s', 'COH_s', 'CO_s', 'C_s', 'OH_s', 'O_s', 'C-H_h', 'H-H_h', 'C-H--OH_s', 'C-H--O_s', 'C-H-OH_s', 'C-OH_s', 'C-O_s', 'CH-H--OH_s', 'CH-H--O_s', 'CH-H-OH_s', 'CH-H-O_s', 'CH-H_s', 'CH-OH_s', 'CH-O_s', 'CH2-H--OH_s', 'CH2-H--O_s', 'CH2-H-OH_s', 'CH2-H-O_s', 'CH2-H_s', 'CH2-OH_s', 'CH2-O_s', 'CH2O-H_s', 'CH3-H--OH_s', 'CH3-H--O_s', 'CH3-H_s', 'CH3-OH_s', 'CH3-O_s', 'CH3O-H_s', 'CHO-H_s', 'CO-H_s', 'CO-O_s', 'H-CO_s', 'HO-H--O_s', 'HO-H_s', 'O-H_s', 'O-O_s')

parse_headers = ['formation_energy', 'frequencies']

perturbation_size = 1e-14

prefactor_list = ['kB*T/h', 'kB*T/h', 'kB*T/h', 'kB*T/h', 'kB*T/h', 'kB*T/h', 'kB*T/h', 'kB*T/h', 'kB*T/h', 'kB*T/h', 'kB*T/h', 'kB*T/h', 'kB*T/h', 'kB*T/h', 'kB*T/h', 'kB*T/h', 'kB*T/h', 'kB*T/h', 'kB*T/h', 'kB*T/h', 'kB*T/h', 'kB*T/h', 'kB*T/h', 'kB*T/h', 'kB*T/h', 'kB*T/h', 'kB*T/h', 'kB*T/h', 'kB*T/h', 'kB*T/h', 'kB*T/h', 'kB*T/h', 'kB*T/h', 'kB*T/h', 'kB*T/h', 'kB*T/h', 'kB*T/h', 'kB*T/h']

pressure_mode = 'static'

required_headers = ['species_name', 'surface_name', 'site_name', 'formation_energy', 'frequencies', 'reference']

residual_threshold = 0.9

resolution = [7, 7]

rxn_expressions = ['CH4_g + *_s + *_h <-> CH3-H_s + *_h <-> CH3_s + H_h', 'CH3_s + *_h <-> CH2-H_s + *_h <-> CH2_s + H_h', 'CH2_s + *_h <-> CH-H_s + *_h <-> CH_s + H_h', 'CH_s + *_h <-> C-H_h + *_s <-> C_s + H_h', 'CH4_g + O_s + *_s <-> CH3-H--O_s + *_s <-> CH3_s + OH_s', 'CH3_s + O_s <-> CH2-H--O_s + *_s <-> CH2_s + OH_s', 'CH2_s + O_s <-> CH-H--O_s + *_s <-> CH_s + OH_s', 'CH_s + O_s <-> C-H--O_s + *_s <-> C_s + OH_s', 'CH4_g + OH_s + *_s <-> CH3-H--OH_s + *_s <-> CH3_s + H2O_g + *_s', 'CH3_s + OH_s <-> CH2-H--OH_s + *_s <-> CH2_s + *_s + H2O_g', 'CH2_s + OH_s <-> CH-H--OH_s + *_s <-> CH_s + *_s + H2O_g', 'CH_s + OH_s <-> C-H--OH_s + *_s <-> C_s + *_s + H2O_g', 'H2O_g + *_s + *_h <-> HO-H_s + *_h <-> OH_s + H_h', 'OH_s + *_h <-> O-H_s + *_h <-> O_s + H_h', 'O2_g + *_s + *_s <-> O-O_s + *_s <-> O_s + O_s', 'H2_g + *_h + *_h <-> H-H_h + *_h <-> H_h + H_h', 'CH3O_s + *_s <-> CH3-O_s + *_s <-> CH3_s + O_s', 'CH3OH_g + *_s + *_h <-> CH3O-H_s + *_h <-> CH3O_s + H_h', 'CH3OH_g + *_s + *_s <-> CH3-OH_s + *_s <-> CH3_s + OH_s', 'CH2O_s + *_s <-> CH2-O_s + *_s <-> CH2_s + O_s', 'CH3O_s + *_h <-> CH2-H-O_s + *_h <-> CH2O_s + H_h', 'CH2OH_s + *_h <-> CH2O-H_s + *_h <-> CH2O_s + H_h', 'CH2OH_s + *_s <-> CH2-OH_s + *_s <-> CH2_s + OH_s', 'CH3OH_g + *_s + *_h <-> CH2-H-OH_s + *_h <-> CH2OH_s + H_h', 'CHO_s + *_s <-> CH-O_s + *_s <-> CH_s + O_s', 'CH2O_s + *_h <-> CH-H-O_s + *_h <-> CHO_s + H_h', 'CHOH_s + *_h <-> CHO-H_s + *_h <-> CHO_s + H_h', 'CHOH_s + *_s <-> CH-OH_s + *_s <-> CH_s + OH_s', 'CH2OH_s + *_h <-> CH-H-OH_s + *_h <-> CHOH_s + H_h', 'CO_s + *_s <-> C-O_s + *_s <-> C_s + O_s', 'CHO_s + *_h <-> H-CO_s + *_h <-> CO_s + H_h', 'COH_s + *_h <-> CO-H_s + *_h <-> CO_s + H_h', 'COH_s + *_s <-> C-OH_s + *_s <-> C_s + OH_s', 'CHOH_s + *_h <-> C-H-OH_s + *_h <-> COH_s + H_h', 'CO2_g + *_s + *_s <-> CO-O_s + *_s <-> CO_s + O_s', 'CO_g + *_s -> CO_s', 'CH2O_g + *_s -> CH2O_s', 'H2O_g + O_s + *_s <-> HO-H--O_s + *_s <-> OH_s + OH_s']

rxn_mechanisms = {'methanol': [0, 1, 2, 3, 4, 5, 6, 7, 8, 9, 10, 11, 12, 13, 14, 15, 16, 17, 18, 19, 20, 21, 22, 23, 24, 25, 26, 27, 28, 29, 30, 31, 32, 33, 34, 35, 36]}

rxn_options_dict = {'beta': {}, 'prefactor': {}}

scaling_constraint_dict = {'CO_s': ['+', 0, None], 'CH-H-OH_s': 'final_state', 'CH2O_s': [0.25, 0.5, None], 'CH-H--OH_s': 'initial_state', 'COH_s': ['+', 0, None], 'O-O_s': 'final_state', 'H-H_h': 'final_state', 'CH3-H--OH_s': 'initial_state', 'C-H_s': 'final_state', 'CO-H_s': 'final_state', 'H_h': ['+', 0, None], 'CH2-H-O_s': 'initial_state', 'CH2-H--O_s': 'initial_state', 'CH3_s': ['+', 0, None], 'H-CO_s': 'final_state', 'CH_s': ['+', 0, None], 'HO-H--O_s': 'final_state', 'CH2-H_s': 'final_state', 'CH2-OH_s': 'final_state', 'CH3O-H_s': 'final_state', 'CH2OH_s': ['+', 0, None], 'CH-H--O_s': 'initial_state', 'CH2-H--OH_s': 'initial_state', 'CH-O_s': 'final_state', 'CHO_s': ['+', 0, None], 'C-H--O_s': 'initial_state', 'CH3-H_s': 'final_state', 'C-O_s': 'final_state', 'CH2-H-OH_s': 'final_state', 'C-H--OH_s': 'initial_state', 'CHO-H_s': 'final_state', 'O_s': [0, '+', None], 'C-H-OH_s': 'final_state', 'CO-O_s': 'final_state', 'CH-H-O_s': 'final_state', 'C-OH_s': 'final_state', 'CH3-OH_s': 'final_state', 'CH3-O_s': 'initial_state', 'CH2_s': ['+', 0, None], 'O-H_s': 'final_state', 'HO-H_s': 'final_state', 'CH2O-H_s': 'initial_state', 'OH_s': [0, '+', None], 'CHOH_s': ['+', 0, None], 'C_s': ['+', 0, None], 'CH3O_s': [0, '+', None], 'CH2-O_s': 'final_state', 'CH3-H--O_s': 'initial_state', 'CH-OH_s': 'final_state', 'CH-H_s': 'final_state'}

search_directions = [[0, 0], [0, 1], [1, 0], [0, -1], [-1, 0], [-1, 1], [1, 1], [1, -1], [-1, -1]]

setup_file = 'mechanism.mkm'

shomate_params = {'HNO3_g:298-1200': [19.63229, 153.9599, -115.8378, 32.87955, -0.249114, -146.8818, 247.7049, -134.306], 'CH4_g:298-1300': [-0.703029, 108.4773, -42.52157, 5.862788, 0.678565, -76.84376, 158.7163, -74.8731], 'C5H4O2_g:100-1500': [-16.36694, 0.46958, -0.000331925, 8.50912e-08, 198590.9145, -1661.34999, -15.68938, 12461.34999], 'CH2CH2_g:298-1200': [-6.38788, 184.4019, -112.9718, 28.49593, 0.31554, 48.17332, 163.1568, 52.46694], 'HCN_g:298-1200': [32.69373, 22.59205, -4.369142, -0.407697, -0.282399, 123.4811, 233.2597, 135.1432], 'N2_g:100-500': [28.98641, 1.853978, -9.647459, 16.63537, 0.000117, -8.671914, 226.4168, 0.0], 'O2_g:2000-6000': [20.91111, 10.72071, -2.020498, 0.146449, 9.245722, 5.337651, 237.6185, 0.0], 'CO2_g:1200-6000': [58.16639, 2.720075, -0.492289, 0.038844, -6.447293, -425.9186, 263.6125, -393.5224], 'H2_g:1000-2500': [18.563083, 12.257357, -2.859786, 0.268238, 1.97799, -1.147438, 156.288133, 0], 'HNO2_g:298-1200': [24.89974, 91.37563, -64.84614, 17.92007, -0.134737, -88.13596, 254.2671, -76.73498], 'NO_g:298-1200': [23.83491, 12.58878, -1.139011, -1.497459, 0.214194, 83.35783, 237.1219, 90.29114], 'NH3_g:298-1400': [19.99563, 49.77119, -15.37599, 1.921168, 0.189174, -53.30667, 203.8591, -45.89806], 'N2_g:500-2000': [19.50583, 19.88705, -8.598535, 1.369784, 0.527601, -4.935202, 212.39, 0.0], 'O2_g:100-700': [31.32234, -20.23531, 57.8664, -36.50624, -0.007374, -8.903471, 246.7945, 0.0], 'CO_g:1300-1600': [35.1507, 1.300095, -0.205921, 0.01355, -3.28278, -127.8375, 231.712, -110.5271], 'CH2O_g:298-1500': [5.193767, 93.23249, -44.85457, 7.882279, 0.551175, -119.3591, 202.4663, -115.8972], 'CH4_g:1300-1600': [85.81217, 11.26467, -2.114146, 0.13819, -26.42221, -153.5327, 224.4143, -74.8731], 'C5H6O2_g:100-1500': [-18.57626, 0.50733, -0.000335824, 8.28263e-08, 231619.2141, -6357.53523, 2.75692, 7057.53523], 'H2O_g:1700-6000': [41.96426, 8.622053, -1.49978, 0.098119, -11.15764, -272.1797, 219.7809, -241.8264], 'H2_g:2500-6000': [43.41356, -4.293079, 1.272428, -0.096876, -20.533862, -38.515158, 162.081354, 0], 'H2_g:298-1000': [33.066178, -11.363417, 11.432816, -2.772874, -0.158558, -9.980797, 172.707974, 0], 'NO3_g:298-1200': [11.22316, 166.3889, -148.4458, 47.40598, -0.176791, 61.00858, 221.7679, 71.128], 'C5H6O_g:50-1500': [1.26847, 0.35388, -0.000173962, 2.87427e-08, 48401.71207, -5691.94893, -85.38991, 7191.94893], 'CO_g:298-1300': [25.56759, 6.09613, 4.054656, -2.671201, 0.131021, -118.0089, 227.3665, -110.5271], 'O2_g:700-2000': [30.03235, 8.772972, -3.988133, 0.788313, -0.741599, -11.32468, 236.1663, 0.0], 'H2O_g:500-1700': [30.092, 6.832514, 6.793435, -2.53448, 0.082139, -250.881, 223.3967, -241.8264], 'CH3CH2OH_g:298-1500': [-4.7367880805894265, 271.96181550301463, -169.34946529216657, 43.73860153608533, 0.24643430702178773, -9.828280829187861, 203.3325622617075, 0.0], 'CH3CHO_g:298-1500': [4.8037386340099095, 185.92002366990326, -99.1084610902012, 20.61473919069016, 0.2770802548558646, -8.566600040790945, 220.00244674443837, 0.0], 'N2O_g:298-1400': [27.67988, 51.14898, -30.64454, 6.847911, -0.157906, 71.24934, 238.6164, 82.04824], 'HCOOH_g:298-1500': [3.802752304225226, 153.66217894746168, -84.64046773816926, 16.297377707561505, 0.2772064997263338, -6.16527, 212.9698972559699, 0], 'NO2_g:298-1200': [16.10857, 75.89525, -54.3874, 14.30777, 0.239423, 26.17464, 240.5386, 33.09502], 'CO2_g:298-1200': [24.99735, 55.18696, -33.69137, 7.948387, -0.136638, -403.6075, 228.2431, -393.5224], 'H2O_g:100-500': [36.303952, -24.11232, 63.64111, -38.9524, -0.01385, -10.23966, 237.39431, 0.0], 'CH3OH_g:298-1500': [-1.0845814245433651, 153.2463565199489, -79.53050359618254, 16.47130239316011, 0.5220334601533215, -4.897417024069, 199.1893745506112, 0.0]}

site_names = ('h', 's', 'g')

standard_coadsorbate_coverage = 'min'

standard_coverage = 'min'

surface_names = ('Ag', 'Au', 'Cu', 'Pd', 'Pt', 'Rh')

temperature = 800

thermodynamic_corrections = ['gas', 'adsorbate']

thermodynamic_variables = ['temperature', 'gas_pressures', 'voltage', 'beta', 'pH', 'Upzc', 'gas_thermo_mode', 'adsorbate_thermo_mode']

tolerance = 1e-50

total_coefficient_dict = {'CH-H--O_s': array([ 0.3135 ,  1.21923,  1.67817]), 'CH2-H--OH_s': array([ 0.15073,  0.40439,  1.53748]), 'COH_s': array([ 0.83333,  0.     , -0.14109]), 'CHO_s': array([ 0.39416,  0.     ,  0.96105]), 'C-H--O_s': array([ 0.66038,  0.99245,  1.69581]), 'CO_s': array([ 0.44803,  0.     ,  0.2587 ]), 'CH-H-OH_s': array([ 0.36496,  0.46084,  1.24839]), 'CH3-H_s': array([ 0.39514,  0.04392,  0.0547 ]), 'CH2O_s': array([ 0.25  ,  0.5   ,  0.4225]), 'CH2OH_s': array([ 0.3106 ,  0.     ,  0.75716]), 'CH2O-H_s': array([ 0.34067,  0.     ,  1.55848]), 'CH-O_s': array([ 0.50486,  1.06586,  1.59855]), 'O-O_s': array([ 0.     ,  1.36443,  3.01205]), 'CH2-H-OH_s': array([ 0.32084,  0.09935,  1.14988]), 'H-H_h': array([ 0.24705,  0.     , -0.39653]), 'CHOH_s': array([ 0.54429,  0.     ,  0.72274]), 'CH3-H--OH_s': array([ 0.01058,  0.23489,  1.44142]), 'O_s': array([ 0.,  1.,  0.]), 'C-H-OH_s': array([ 0.58976,  0.62338,  0.57295]), 'CO-O_s': array([ 0.12331,  0.86291,  2.31553]), 'CHO-H_s': array([ 0.4286 ,  0.02415,  1.69521]), 'CH-H-O_s': array([ 0.31796,  0.20512,  1.48949]), 'C-H_h': array([ 1.05669,  0.12768,  0.2253 ]), 'CO-H_s': array([ 0.70167,  0.     ,  1.23613]), 'H_h': array([ 0.21982,  0.     , -0.78526]), 'C-OH_s': array([ 0.84307,  0.36182,  1.43284]), 'CH3-OH_s': array([ 0.0108 ,  0.29402,  2.48944]), 'CH2-H-O_s': array([ 0.02398,  0.5028 ,  1.85216]), 'CH3-O_s': array([ 0.     ,  0.92669,  2.35974]), 'CH2_s': array([ 0.49464,  0.     ,  0.23298]), 'CH2-H--O_s': array([ 0.11816,  0.9179 ,  2.04313]), 'HO-H_s': array([ 0.18699,  0.1297 ,  0.32148]), 'C-H--OH_s': array([ 0.78434,  0.3941 ,  0.71552]), 'CH3_s': array([ 0.23979,  0.     ,  0.13657]), 'H-CO_s': array([ 0.34017,  0.12223,  1.41257]), 'CH_s': array([ 0.81093,  0.     , -0.48404]), 'HO-H--O_s': array([ 0.     ,  0.78572,  0.23985]), 'OH_s': array([ 0.     ,  0.41627,  0.00199]), 'O-H_s': array([ 0.14096,  0.76371,  0.71129]), 'CH3O-H_s': array([ 0.16357,  0.11254,  1.5752 ]), 'CH2-H_s': array([ 0.58368,  0.16433,  0.10103]), 'C_s': array([ 1.,  0.,  0.]), 'CH3O_s': array([ 0.     ,  0.46253,  1.03516]), 'CH2-O_s': array([ 0.24681,  1.10287,  1.89596]), 'CH2-OH_s': array([ 0.329  ,  0.36307,  1.62984]), 'C-O_s': array([ 0.67153,  1.09605,  2.25074]), 'CH3-H--O_s': array([ 0.     ,  0.7351 ,  1.71396]), 'CH-OH_s': array([ 0.61063,  0.41497,  1.06445]), 'CH-H_s': array([ 0.85345,  0.23233, -0.4652 ]), 'CH-H--OH_s': array([ 0.38473,  0.65515,  0.96166])}

transition_state_coefficient_matrix = array([[ 1.07972592,  0.        ,  0.30841457],
       [ 0.26654622,  0.        , -0.41517418],
       [ 0.89284133,  0.45831707,  0.28784712],
       [ 0.6944896 ,  0.85641128,  1.75436161],
       [ 0.74077118,  0.        ,  0.90783439],
       [ 0.94600166,  0.39379211,  1.06680008],
       [ 0.7590517 ,  0.7590517 ,  2.39452942],
       [ 0.56057859,  0.47176138,  0.63462546],
       [ 0.42018565,  0.8494777 ,  1.79968998],
       [ 0.46670036,  0.        ,  1.53186721],
       [ 0.36654911,  0.        ,  1.60762643],
       [ 0.92270007,  0.        , -0.36509294],
       [ 0.72477055,  0.37204227,  0.75317282],
       [ 0.59310224,  0.73138524,  1.73347219],
       [ 0.25635019,  0.44501811,  1.13764228],
       [ 0.17943562,  0.7483032 ,  2.0455475 ],
       [ 0.34058878,  0.        ,  1.22040887],
       [ 0.        ,  0.37563881,  2.11177987],
       [ 0.63893232,  0.        ,  0.16334644],
       [ 0.42254212,  0.3555952 ,  1.34462231],
       [ 0.3594381 ,  0.72666606,  2.00579395],
       [ 0.31514217,  0.        ,  1.61738319],
       [ 0.        ,  0.09902598,  1.66077121],
       [ 0.        ,  0.73511294,  1.71394251],
       [ 0.41296079,  0.        ,  0.07287402],
       [ 0.09899355,  0.17185055,  2.35455617],
       [ 0.        ,  0.66614106,  2.72194581],
       [ 0.11065073,  0.2328236 ,  1.62458924],
       [ 0.44092436,  0.        ,  1.70278708],
       [ 0.74969797,  0.        ,  1.18216361],
       [ 0.23803532,  0.53129326,  2.39081473],
       [ 0.39605452,  0.        ,  1.44035282],
       [ 0.        ,  0.53153497,  0.60455327],
       [ 0.13792409,  0.26118488,  0.35647021],
       [ 0.16206363,  0.7372561 ,  0.70318631],
       [ 0.        ,  1.36444663,  3.01203271]])

transition_state_cross_interaction_mode = 'transition_state_scaling'

transition_state_names = ('C-H_h', 'H-H_h', 'C-H--OH_s', 'C-H--O_s', 'C-H-OH_s', 'C-OH_s', 'C-O_s', 'CH-H--OH_s', 'CH-H--O_s', 'CH-H-OH_s', 'CH-H-O_s', 'CH-H_s', 'CH-OH_s', 'CH-O_s', 'CH2-H--OH_s', 'CH2-H--O_s', 'CH2-H-OH_s', 'CH2-H-O_s', 'CH2-H_s', 'CH2-OH_s', 'CH2-O_s', 'CH2O-H_s', 'CH3-H--OH_s', 'CH3-H--O_s', 'CH3-H_s', 'CH3-OH_s', 'CH3-O_s', 'CH3O-H_s', 'CHO-H_s', 'CO-H_s', 'CO-O_s', 'H-CO_s', 'HO-H--O_s', 'HO-H_s', 'O-H_s', 'O-O_s')

transition_state_scaling_coefficients = [[1.3314662452511512, 0.95289748826089116], [0.60628291948833712, 0.53700526711813368], [1.1010091265170663, 0.8185885735234546], [0.85641127581832932, 2.1688989227769269], [0.70338619925271695, 1.5594161991384536], [0.94600165534037528, 1.0649175342404942], [0.75905170126585308, 2.3945294176606184], [1.1333062215164551, 0.36833249415804925], [0.84947770069908968, 1.601778669953126], [0.61077640790057941, 1.5700529555907614], [0.59700496391774105, 1.5026789304634376], [0.89517348289042875, 0.77115076640152236], [0.89375229127674782, 1.1840061165029812], [0.73138524450502584, 2.0874919066280468], [1.0690612115445606, 0.98951316206787288], [0.74830320139347628, 1.9433517328368088], [0.64211150136467965, 1.2384522036036236], [0.81213934601410664, 1.2710857020730912], [0.894287043381507, 0.65724328469860516], [0.85424170830267132, 1.1439011322411157], [0.72666605673445883, 1.8364952936554499], [1.014623862514344, 0.84915058842366298], [0.23788883222845475, 1.6602978072412038], [0.73511293634496944, 1.7139425051334702], [0.89850262078908971, 0.6557236832224439], [0.41283433766783018, 2.297353842900939], [1.4402115836717264, 1.2310963881171166], [0.50336972372206734, 1.4987971465731269], [0.71814124223084308, 1.5765450298252204], [1.1225544188847598, 1.7732558618667631], [0.53129326492385354, 2.2533691668702662], [0.59302915283247659, 1.7526182476604033], [0.6384497705252421, 0.60201223865374853], [0.62744103474511792, 0.84792594471214833], [0.7372560951924696, 1.282124027294032], [0.68222331339463704, 3.0120327054132083]]

transition_state_scaling_matrix = array([[ 0.        ,  0.        ,  0.        ,  0.        ,  0.        ,
         0.        ,  0.        ,  0.        ,  1.33146625,  0.        ,
         0.        ,  0.        ,  0.        ,  0.        ,  0.95289749],
       [ 1.21256584,  0.        ,  0.        ,  0.        ,  0.        ,
         0.        ,  0.        ,  0.        ,  0.        ,  0.        ,
         0.        ,  0.        ,  0.        ,  0.        ,  0.53700527],
       [ 0.        ,  0.        ,  0.        ,  0.        ,  0.        ,
         0.        ,  0.        ,  0.        ,  1.10100913,  0.        ,
         0.        ,  0.        ,  1.10100913,  0.        ,  0.81858857],
       [ 0.        ,  0.        ,  0.        ,  0.        ,  0.        ,
         0.        ,  0.        ,  0.        ,  0.85641128,  0.        ,
         0.        ,  0.        ,  0.        ,  0.85641128,  2.16889892],
       [ 0.7033862 ,  0.        ,  0.        ,  0.        ,  0.        ,
         0.        ,  0.        ,  0.        ,  0.        ,  0.7033862 ,
         0.        ,  0.        ,  0.        ,  0.        ,  1.5594162 ],
       [ 0.        ,  0.        ,  0.        ,  0.        ,  0.        ,
         0.        ,  0.        ,  0.        ,  0.        ,  0.        ,
         0.        ,  0.94600166,  0.94600166,  0.        ,  1.06491753],
       [ 0.        ,  0.        ,  0.        ,  0.        ,  0.        ,
         0.        ,  0.        ,  0.        ,  0.        ,  0.        ,
         0.        ,  0.7590517 ,  0.        ,  0.7590517 ,  2.39452942],
       [ 0.        ,  0.        ,  0.        ,  1.13330622,  0.        ,
         0.        ,  0.        ,  0.        ,  0.        ,  0.        ,
         0.        ,  0.        ,  1.13330622,  0.        ,  0.36833249],
       [ 0.        ,  0.        ,  0.        ,  0.8494777 ,  0.        ,
         0.        ,  0.        ,  0.        ,  0.        ,  0.        ,
         0.        ,  0.        ,  0.        ,  0.8494777 ,  1.60177867],
       [ 0.61077641,  0.        ,  0.        ,  0.        ,  0.        ,
         0.        ,  0.61077641,  0.        ,  0.        ,  0.        ,
         0.        ,  0.        ,  0.        ,  0.        ,  1.57005296],
       [ 0.59700496,  0.        ,  0.        ,  0.        ,  0.        ,
         0.        ,  0.        ,  0.59700496,  0.        ,  0.        ,
         0.        ,  0.        ,  0.        ,  0.        ,  1.50267893],
       [ 0.89517348,  0.        ,  0.        ,  0.        ,  0.        ,
         0.        ,  0.        ,  0.        ,  0.89517348,  0.        ,
         0.        ,  0.        ,  0.        ,  0.        ,  0.77115077],
       [ 0.        ,  0.        ,  0.        ,  0.        ,  0.        ,
         0.        ,  0.        ,  0.        ,  0.89375229,  0.        ,
         0.        ,  0.        ,  0.89375229,  0.        ,  1.18400612],
       [ 0.        ,  0.        ,  0.        ,  0.        ,  0.        ,
         0.        ,  0.        ,  0.        ,  0.73138524,  0.        ,
         0.        ,  0.        ,  0.        ,  0.73138524,  2.08749191],
       [ 0.        ,  0.        ,  0.        ,  0.        ,  0.        ,
         1.06906121,  0.        ,  0.        ,  0.        ,  0.        ,
         0.        ,  0.        ,  1.06906121,  0.        ,  0.98951316],
       [ 0.        ,  0.        ,  0.        ,  0.        ,  0.        ,
         0.7483032 ,  0.        ,  0.        ,  0.        ,  0.        ,
         0.        ,  0.        ,  0.        ,  0.7483032 ,  1.94335173],
       [ 0.6421115 ,  0.6421115 ,  0.        ,  0.        ,  0.        ,
         0.        ,  0.        ,  0.        ,  0.        ,  0.        ,
         0.        ,  0.        ,  0.        ,  0.        ,  1.2384522 ],
       [ 0.        ,  0.        ,  0.        ,  0.        ,  0.81213935,
         0.        ,  0.        ,  0.        ,  0.        ,  0.        ,
         0.        ,  0.        ,  0.        ,  0.        ,  1.2710857 ],
       [ 0.89428704,  0.        ,  0.        ,  0.89428704,  0.        ,
         0.        ,  0.        ,  0.        ,  0.        ,  0.        ,
         0.        ,  0.        ,  0.        ,  0.        ,  0.65724328],
       [ 0.        ,  0.        ,  0.        ,  0.85424171,  0.        ,
         0.        ,  0.        ,  0.        ,  0.        ,  0.        ,
         0.        ,  0.        ,  0.85424171,  0.        ,  1.14390113],
       [ 0.        ,  0.        ,  0.        ,  0.72666606,  0.        ,
         0.        ,  0.        ,  0.        ,  0.        ,  0.        ,
         0.        ,  0.        ,  0.        ,  0.72666606,  1.83649529],
       [ 0.        ,  1.01462386,  0.        ,  0.        ,  0.        ,
         0.        ,  0.        ,  0.        ,  0.        ,  0.        ,
         0.        ,  0.        ,  0.        ,  0.        ,  0.84915059],
       [ 0.        ,  0.        ,  0.        ,  0.        ,  0.        ,
         0.        ,  0.        ,  0.        ,  0.        ,  0.        ,
         0.        ,  0.        ,  0.23788883,  0.        ,  1.66029781],
       [ 0.        ,  0.        ,  0.        ,  0.        ,  0.        ,
         0.        ,  0.        ,  0.        ,  0.        ,  0.        ,
         0.        ,  0.        ,  0.        ,  0.73511294,  1.71394251],
       [ 0.89850262,  0.        ,  0.        ,  0.        ,  0.        ,
         0.89850262,  0.        ,  0.        ,  0.        ,  0.        ,
         0.        ,  0.        ,  0.        ,  0.        ,  0.65572368],
       [ 0.        ,  0.        ,  0.        ,  0.        ,  0.        ,
         0.41283434,  0.        ,  0.        ,  0.        ,  0.        ,
         0.        ,  0.        ,  0.41283434,  0.        ,  2.29735384],
       [ 0.        ,  0.        ,  0.        ,  0.        ,  1.44021158,
         0.        ,  0.        ,  0.        ,  0.        ,  0.        ,
         0.        ,  0.        ,  0.        ,  0.        ,  1.23109639],
       [ 0.50336972,  0.        ,  0.        ,  0.        ,  0.50336972,
         0.        ,  0.        ,  0.        ,  0.        ,  0.        ,
         0.        ,  0.        ,  0.        ,  0.        ,  1.49879715],
       [ 0.71814124,  0.        ,  0.        ,  0.        ,  0.        ,
         0.        ,  0.        ,  0.71814124,  0.        ,  0.        ,
         0.        ,  0.        ,  0.        ,  0.        ,  1.57654503],
       [ 1.12255442,  0.        ,  0.        ,  0.        ,  0.        ,
         0.        ,  0.        ,  0.        ,  0.        ,  0.        ,
         1.12255442,  0.        ,  0.        ,  0.        ,  1.77325586],
       [ 0.        ,  0.        ,  0.        ,  0.        ,  0.        ,
         0.        ,  0.        ,  0.        ,  0.        ,  0.        ,
         0.53129326,  0.        ,  0.        ,  0.53129326,  2.25336917],
       [ 0.59302915,  0.        ,  0.        ,  0.        ,  0.        ,
         0.        ,  0.        ,  0.        ,  0.        ,  0.        ,
         0.59302915,  0.        ,  0.        ,  0.        ,  1.75261825],
       [ 0.        ,  0.        ,  0.        ,  0.        ,  0.        ,
         0.        ,  0.        ,  0.        ,  0.        ,  0.        ,
         0.        ,  0.        ,  1.27689954,  0.        ,  0.60201224],
       [ 0.62744103,  0.        ,  0.        ,  0.        ,  0.        ,
         0.        ,  0.        ,  0.        ,  0.        ,  0.        ,
         0.        ,  0.        ,  0.62744103,  0.        ,  0.84792594],
       [ 0.7372561 ,  0.        ,  0.        ,  0.        ,  0.        ,
         0.        ,  0.        ,  0.        ,  0.        ,  0.        ,
         0.        ,  0.        ,  0.        ,  0.7372561 ,  1.28212403],
       [ 0.        ,  0.        ,  0.        ,  0.        ,  0.        ,
         0.        ,  0.        ,  0.        ,  0.        ,  0.        ,
         0.        ,  0.        ,  0.        ,  1.36444663,  3.01203271]])

transition_state_scaling_mode = 'initial_state'

transition_state_scaling_parameters = {}

verbose = 1

stdout = """mapper_iteration_0: status - 49 points do not have valid solution.
rootfinding_iteration_1: cancel - stationary point or singular jacobian (residual = 4.42028144453e-14)
minresid_iteration_0: fail - [ 8.00, 5.00] using coverages from [ 8.00, 5.00]; initial residual was 4.42028144453e-14 (residual = 4.42028144453e-14)
minresid_iteration_1: success - [ 8.00, 5.00] using coverages from [ 8.00, 5.00]
rootfinding_iteration_23: fail - stagnated or diverging (residual = 10.0664622827)
minresid_iteration_0: fail - [ 8.00, 3.67] using coverages from [ 8.00, 3.67]; initial residual was 2.26667004427e+12 (residual = 10.0664622827)
rootfinding_iteration_7: fail - stagnated or diverging (residual = 2.24949909275e-11)
minresid_iteration_1: fail - [ 8.00, 3.67] using coverages from [ 8.00, 5.00]; initial residual was 1.37766822339e-06 (residual = 2.24949909275e-11)
rootfinding_iteration_7: fail - stagnated or diverging (residual = 2.24949909275e-11)
bisection_iteration_1: fail - move from [ 8.00, 5.00] to [ 8.00, 3.67]
bisection_iteration_2: success - moved from [ 8.00, 5.00] to [ 8.00, 4.33]
bisection_iteration_1: success - moved from [ 8.00, 4.33] to [ 8.00, 3.67]
minresid_iteration_0: success - [ 8.00, 3.67] using coverages from [8.0, 5.0]
minresid_iteration_0: success - [ 8.00, 2.33] using coverages from [ 8.00, 2.33]
minresid_iteration_0: success - [ 8.00, 1.00] using coverages from [ 8.00, 1.00]
minresid_iteration_0: success - [ 8.00,-0.33] using coverages from [ 8.00,-0.33]
minresid_iteration_0: success - [ 8.00,-1.67] using coverages from [ 8.00,-1.67]
minresid_iteration_0: success - [ 8.00,-3.00] using coverages from [ 8.00,-3.00]
minresid_iteration_0: success - [ 6.67, 5.00] using coverages from [ 6.67, 5.00]
minresid_iteration_0: success - [ 6.67, 3.67] using coverages from [ 6.67, 3.67]
minresid_iteration_0: success - [ 6.67, 2.33] using coverages from [ 6.67, 2.33]
minresid_iteration_0: success - [ 6.67, 1.00] using coverages from [ 6.67, 1.00]
minresid_iteration_0: success - [ 6.67,-0.33] using coverages from [ 6.67,-0.33]
minresid_iteration_0: success - [ 6.67,-1.67] using coverages from [ 6.67,-1.67]
minresid_iteration_0: success - [ 6.67,-3.00] using coverages from [ 6.67,-3.00]
rootfinding_iteration_17: fail - stagnated or diverging (residual = 3.60541492133e-08)
minresid_iteration_0: fail - [ 5.33, 5.00] using coverages from [ 5.33, 5.00]; initial residual was 2970631.20014 (residual = 3.60541492133e-08)
rootfinding_iteration_1: cancel - stationary point or singular jacobian (residual = 9.79102930484e-07)
minresid_iteration_1: fail - [ 5.33, 5.00] using coverages from [ 6.67, 5.00]; initial residual was 9.79102930484e-07 (residual = 9.79102930484e-07)
rootfinding_iteration_5: fail - stagnated or diverging (residual = 4.04243392929e-08)
minresid_iteration_2: fail - [ 5.33, 5.00] using coverages from [ 6.67, 3.67]; initial residual was 0.00194381485399 (residual = 4.04243392929e-08)
rootfinding_iteration_1: cancel - stationary point or singular jacobian (residual = 9.79102930484e-07)
bisection_iteration_1: fail - move from [ 6.67, 5.00] to [ 5.33, 5.00]
bisection_iteration_2: success - moved from [ 6.67, 5.00] to [ 6.00, 5.00]
bisection_iteration_1: success - moved from [ 6.00, 5.00] to [ 5.33, 5.00]
minresid_iteration_0: success - [ 5.33, 5.00] using coverages from [6.6666666666666661, 5.0]
minresid_iteration_0: success - [ 5.33, 3.67] using coverages from [ 5.33, 3.67]
minresid_iteration_0: success - [ 5.33, 2.33] using coverages from [ 5.33, 2.33]
minresid_iteration_0: success - [ 5.33, 1.00] using coverages from [ 5.33, 1.00]
minresid_iteration_0: success - [ 5.33,-0.33] using coverages from [ 5.33,-0.33]
minresid_iteration_0: success - [ 5.33,-1.67] using coverages from [ 5.33,-1.67]
minresid_iteration_0: success - [ 5.33,-3.00] using coverages from [ 5.33,-3.00]
rootfinding_iteration_13: fail - stagnated or diverging (residual = 0.722063708749)
minresid_iteration_0: fail - [ 4.00, 5.00] using coverages from [ 4.00, 5.00]; initial residual was 17207943178.4 (residual = 0.722063708749)
rootfinding_iteration_2: fail - stagnated or diverging (residual = 0.00609692235823)
minresid_iteration_1: fail - [ 4.00, 5.00] using coverages from [ 5.33, 5.00]; initial residual was 0.0065153125398 (residual = 0.00609692235823)
rootfinding_iteration_2: fail - stagnated or diverging (residual = 0.00513800682858)
minresid_iteration_2: fail - [ 4.00, 5.00] using coverages from [ 5.33, 3.67]; initial residual was 0.00625665395244 (residual = 0.00513800682858)
rootfinding_iteration_2: fail - stagnated or diverging (residual = 0.00609692235823)
bisection_iteration_1: fail - move from [ 5.33, 5.00] to [ 4.00, 5.00]
rootfinding_iteration_2: fail - stagnated or diverging (residual = 0.000103108936395)
bisection_iteration_2: fail - move from [ 5.33, 5.00] to [ 4.67, 5.00]
rootfinding_iteration_2: fail - stagnated or diverging (residual = 9.22217506953e-06)
bisection_iteration_3: fail - move from [ 5.33, 5.00] to [ 5.00, 5.00]
bisection_iteration_4: success - moved from [ 5.33, 5.00] to [ 5.17, 5.00]
rootfinding_iteration_2: fail - stagnated or diverging (residual = 0.0185307308635)
bisection_iteration_1: fail - move from [ 5.17, 5.00] to [ 4.00, 5.00]
rootfinding_iteration_2: fail - stagnated or diverging (residual = 0.000502895636994)
bisection_iteration_2: fail - move from [ 5.17, 5.00] to [ 4.58, 5.00]
rootfinding_iteration_3: fail - stagnated or diverging (residual = 4.78243802397e-05)
bisection_iteration_3: fail - move from [ 5.17, 5.00] to [ 4.88, 5.00]
bisection_iteration_4: success - moved from [ 5.17, 5.00] to [ 5.02, 5.00]
rootfinding_iteration_2: fail - stagnated or diverging (residual = 0.0425406111744)
bisection_iteration_1: fail - move from [ 5.02, 5.00] to [ 4.00, 5.00]
rootfinding_iteration_2: fail - stagnated or diverging (residual = 0.00198711056894)
bisection_iteration_2: fail - move from [ 5.02, 5.00] to [ 4.51, 5.00]
rootfinding_iteration_3: fail - stagnated or diverging (residual = 0.000232882416263)
bisection_iteration_3: fail - move from [ 5.02, 5.00] to [ 4.77, 5.00]
bisection_iteration_4: success - moved from [ 5.02, 5.00] to [ 4.89, 5.00]
rootfinding_iteration_2: fail - stagnated or diverging (residual = 0.0833460074596)
bisection_iteration_1: fail - move from [ 4.89, 5.00] to [ 4.00, 5.00]
rootfinding_iteration_2: fail - stagnated or diverging (residual = 0.00459434872959)
bisection_iteration_2: fail - move from [ 4.89, 5.00] to [ 4.45, 5.00]
rootfinding_iteration_2: fail - stagnated or diverging (residual = 0.000811231894092)
bisection_iteration_3: fail - move from [ 4.89, 5.00] to [ 4.67, 5.00]
bisection_iteration_4: success - moved from [ 4.89, 5.00] to [ 4.78, 5.00]
rootfinding_iteration_2: fail - stagnated or diverging (residual = 0.159299668713)
bisection_iteration_1: fail - move from [ 4.78, 5.00] to [ 4.00, 5.00]
rootfinding_iteration_2: fail - stagnated or diverging (residual = 0.0139262043933)
bisection_iteration_2: fail - move from [ 4.78, 5.00] to [ 4.39, 5.00]
bisection_iteration_3: success - moved from [ 4.78, 5.00] to [ 4.59, 5.00]
rootfinding_iteration_2: fail - stagnated or diverging (residual = 0.403803897987)
bisection_iteration_1: fail - move from [ 4.59, 5.00] to [ 4.00, 5.00]
rootfinding_iteration_3: fail - stagnated or diverging (residual = 0.0681368041445)
bisection_iteration_2: fail - move from [ 4.59, 5.00] to [ 4.29, 5.00]
bisection_iteration_3: success - moved from [ 4.59, 5.00] to [ 4.44, 5.00]
rootfinding_iteration_2: fail - stagnated or diverging (residual = 0.919531655096)
bisection_iteration_1: fail - move from [ 4.44, 5.00] to [ 4.00, 5.00]
rootfinding_iteration_2: fail - stagnated or diverging (residual = 0.131302882834)
bisection_iteration_2: fail - move from [ 4.44, 5.00] to [ 4.22, 5.00]
bisection_iteration_3: success - moved from [ 4.44, 5.00] to [ 4.33, 5.00]
rootfinding_iteration_4: fail - stagnated or diverging (residual = 0.882593538194)
bisection_iteration_1: fail - move from [ 4.33, 5.00] to [ 4.00, 5.00]
bisection_iteration_2: success - moved from [ 4.33, 5.00] to [ 4.16, 5.00]
rootfinding_iteration_3: fail - stagnated or diverging (residual = 1.29606418765)
bisection_iteration_1: fail - move from [ 4.16, 5.00] to [ 4.00, 5.00]
rootfinding_iteration_2: fail - stagnated or diverging (residual = 2.90634338868)
bisection_iteration_2: fail - move from [ 4.16, 5.00] to [ 4.08, 5.00]
bisection_iteration_3: success - moved from [ 4.16, 5.00] to [ 4.12, 5.00]
rootfinding_iteration_2: fail - stagnated or diverging (residual = 11.4074384541)
bisection_iteration_1: fail - move from [ 4.12, 5.00] to [ 4.00, 5.00]
rootfinding_iteration_2: fail - stagnated or diverging (residual = 4.2420563705)
bisection_iteration_2: fail - move from [ 4.12, 5.00] to [ 4.06, 5.00]
rootfinding_iteration_2: fail - stagnated or diverging (residual = 0.731357834771)
bisection_iteration_3: fail - move from [ 4.12, 5.00] to [ 4.09, 5.00]
bisection_iteration_4: success - moved from [ 4.12, 5.00] to [ 4.11, 5.00]
rootfinding_iteration_2: fail - stagnated or diverging (residual = 13.5260813316)
bisection_iteration_1: fail - move from [ 4.11, 5.00] to [ 4.00, 5.00]
rootfinding_iteration_2: fail - stagnated or diverging (residual = 6.4240023266)
bisection_iteration_2: fail - move from [ 4.11, 5.00] to [ 4.05, 5.00]
rootfinding_iteration_2: fail - stagnated or diverging (residual = 3.22294113722)
bisection_iteration_3: fail - move from [ 4.11, 5.00] to [ 4.08, 5.00]
rootfinding_iteration_2: fail - stagnated or diverging (residual = 1.1890994753)
bisection_iteration_4: fail - move from [ 4.11, 5.00] to [ 4.09, 5.00]
rootfinding_iteration_4: fail - stagnated or diverging (residual = 0.116010972201)
bisection_iteration_5: fail - move from [ 4.11, 5.00] to [ 4.10, 5.00]
minresid_iteration_0: fail - [ 4.10, 5.00] using coverages from [ 5.33, 5.00]; initial residual was 0.00609692235823 (residual = 0.800399829514)
rootfinding_iteration_2: fail - stagnated or diverging (residual = 0.00513800682858)
bisection_iteration_1: fail - move from [ 5.33, 3.67] to [ 4.00, 5.00]
rootfinding_iteration_5: fail - stagnated or diverging (residual = 6.46469289099e-05)
bisection_iteration_2: fail - move from [ 5.33, 3.67] to [ 4.67, 4.33]
bisection_iteration_3: success - moved from [ 5.33, 3.67] to [ 5.00, 4.00]
rootfinding_iteration_2: fail - stagnated or diverging (residual = 0.00817581087295)
bisection_iteration_1: fail - move from [ 5.00, 4.00] to [ 4.00, 5.00]
rootfinding_iteration_4: fail - stagnated or diverging (residual = 0.000249229717929)
bisection_iteration_2: fail - move from [ 5.00, 4.00] to [ 4.50, 4.50]
rootfinding_iteration_2: fail - stagnated or diverging (residual = 4.21278968897e-05)
bisection_iteration_3: fail - move from [ 5.00, 4.00] to [ 4.75, 4.25]
bisection_iteration_4: success - moved from [ 5.00, 4.00] to [ 4.88, 4.12]
rootfinding_iteration_2: fail - stagnated or diverging (residual = 0.0191358668021)
bisection_iteration_1: fail - move from [ 4.88, 4.12] to [ 4.00, 5.00]
rootfinding_iteration_6: fail - stagnated or diverging (residual = 0.000126449551265)
bisection_iteration_2: fail - move from [ 4.88, 4.12] to [ 4.44, 4.56]
bisection_iteration_3: success - moved from [ 4.88, 4.12] to [ 4.66, 4.34]
rootfinding_iteration_2: fail - stagnated or diverging (residual = 0.0998526741048)
bisection_iteration_1: fail - move from [ 4.66, 4.34] to [ 4.00, 5.00]
rootfinding_iteration_5: fail - stagnated or diverging (residual = 0.00102633930179)
bisection_iteration_2: fail - move from [ 4.66, 4.34] to [ 4.33, 4.67]
bisection_iteration_3: success - moved from [ 4.66, 4.34] to [ 4.49, 4.51]
rootfinding_iteration_2: fail - stagnated or diverging (residual = 0.344322008437)
bisection_iteration_1: fail - move from [ 4.49, 4.51] to [ 4.00, 5.00]
bisection_iteration_2: success - moved from [ 4.49, 4.51] to [ 4.25, 4.75]
rootfinding_iteration_2: fail - stagnated or diverging (residual = 1.30640723853)
bisection_iteration_1: fail - move from [ 4.25, 4.75] to [ 4.00, 5.00]
rootfinding_iteration_4: fail - stagnated or diverging (residual = 0.109970846469)
bisection_iteration_2: fail - move from [ 4.25, 4.75] to [ 4.12, 4.88]
bisection_iteration_3: success - moved from [ 4.25, 4.75] to [ 4.18, 4.82]
rootfinding_iteration_3: fail - stagnated or diverging (residual = 1.60677105739)
bisection_iteration_1: fail - move from [ 4.18, 4.82] to [ 4.00, 5.00]
rootfinding_iteration_4: fail - stagnated or diverging (residual = 0.189774171975)
bisection_iteration_2: fail - move from [ 4.18, 4.82] to [ 4.09, 4.91]
bisection_iteration_3: success - moved from [ 4.18, 4.82] to [ 4.14, 4.86]
rootfinding_iteration_2: fail - stagnated or diverging (residual = 1.65791181859)
bisection_iteration_1: fail - move from [ 4.14, 4.86] to [ 4.00, 5.00]
rootfinding_iteration_3: fail - stagnated or diverging (residual = 0.912888261941)
bisection_iteration_2: fail - move from [ 4.14, 4.86] to [ 4.07, 4.93]
bisection_iteration_3: success - moved from [ 4.14, 4.86] to [ 4.10, 4.90]
rootfinding_iteration_2: fail - stagnated or diverging (residual = 10.6397233928)
bisection_iteration_1: fail - move from [ 4.10, 4.90] to [ 4.00, 5.00]
rootfinding_iteration_2: fail - stagnated or diverging (residual = 5.50997895731)
bisection_iteration_2: fail - move from [ 4.10, 4.90] to [ 4.05, 4.95]
rootfinding_iteration_3: fail - stagnated or diverging (residual = 0.993791577492)
bisection_iteration_3: fail - move from [ 4.10, 4.90] to [ 4.08, 4.92]
rootfinding_iteration_4: fail - stagnated or diverging (residual = 0.0990550291092)
bisection_iteration_4: fail - move from [ 4.10, 4.90] to [ 4.09, 4.91]
bisection_iteration_5: success - moved from [ 4.10, 4.90] to [ 4.10, 4.90]
rootfinding_iteration_2: fail - stagnated or diverging (residual = 12.3665402194)
bisection_iteration_1: fail - move from [ 4.10, 4.90] to [ 4.00, 5.00]
rootfinding_iteration_2: fail - stagnated or diverging (residual = 6.16116539382)
bisection_iteration_2: fail - move from [ 4.10, 4.90] to [ 4.05, 4.95]
rootfinding_iteration_2: fail - stagnated or diverging (residual = 2.89497540641)
bisection_iteration_3: fail - move from [ 4.10, 4.90] to [ 4.07, 4.93]
rootfinding_iteration_3: fail - stagnated or diverging (residual = 0.0282861745463)
bisection_iteration_4: fail - move from [ 4.10, 4.90] to [ 4.09, 4.91]
bisection_iteration_5: success - moved from [ 4.10, 4.90] to [ 4.09, 4.91]
rootfinding_iteration_2: fail - stagnated or diverging (residual = 15.7111624345)
bisection_iteration_1: fail - move from [ 4.09, 4.91] to [ 4.00, 5.00]
rootfinding_iteration_2: fail - stagnated or diverging (residual = 7.62120420546)
bisection_iteration_2: fail - move from [ 4.09, 4.91] to [ 4.05, 4.95]
rootfinding_iteration_2: fail - stagnated or diverging (residual = 3.71715135979)
bisection_iteration_3: fail - move from [ 4.09, 4.91] to [ 4.07, 4.93]
rootfinding_iteration_2: fail - stagnated or diverging (residual = 1.83159521116)
bisection_iteration_4: fail - move from [ 4.09, 4.91] to [ 4.08, 4.92]
rootfinding_iteration_2: fail - stagnated or diverging (residual = 0.903552952629)
bisection_iteration_5: fail - move from [ 4.09, 4.91] to [ 4.09, 4.91]
minresid_iteration_1: fail - [ 4.09, 4.91] using coverages from [ 5.33, 3.67]; initial residual was 0.00513800682858 (residual = 0.909544527918)
rootfinding_iteration_25: fail - stagnated or diverging (residual = 0.00920395855441)
minresid_iteration_0: fail - [ 4.00, 3.67] using coverages from [ 4.00, 3.67]; initial residual was 2.26342990351e+12 (residual = 0.00920395855441)
rootfinding_iteration_2: fail - stagnated or diverging (residual = 0.00131368472933)
minresid_iteration_1: fail - [ 4.00, 3.67] using coverages from [ 5.33, 3.67]; initial residual was 0.00140273485991 (residual = 0.00131368472933)
rootfinding_iteration_2: fail - stagnated or diverging (residual = 0.00064576430418)
minresid_iteration_2: fail - [ 4.00, 3.67] using coverages from [ 5.33, 2.33]; initial residual was 11.2740490953 (residual = 0.00064576430418)
rootfinding_iteration_2: fail - stagnated or diverging (residual = 0.00589644302528)
minresid_iteration_3: fail - [ 4.00, 3.67] using coverages from [ 5.33, 5.00]; initial residual was 0.00652155951377 (residual = 0.00589644302528)
rootfinding_iteration_2: fail - stagnated or diverging (residual = 0.00131368472933)
bisection_iteration_1: fail - move from [ 5.33, 3.67] to [ 4.00, 3.67]
rootfinding_iteration_3: fail - stagnated or diverging (residual = 1.44900334097e-05)
bisection_iteration_2: fail - move from [ 5.33, 3.67] to [ 4.67, 3.67]
bisection_iteration_3: success - moved from [ 5.33, 3.67] to [ 5.00, 3.67]
rootfinding_iteration_2: fail - stagnated or diverging (residual = 0.00454742278579)
bisection_iteration_1: fail - move from [ 5.00, 3.67] to [ 4.00, 3.67]
rootfinding_iteration_4: fail - stagnated or diverging (residual = 9.89500835877e-05)
bisection_iteration_2: fail - move from [ 5.00, 3.67] to [ 4.50, 3.67]
bisection_iteration_3: success - moved from [ 5.00, 3.67] to [ 4.75, 3.67]
rootfinding_iteration_2: fail - stagnated or diverging (residual = 0.0155322167867)
bisection_iteration_1: fail - move from [ 4.75, 3.67] to [ 4.00, 3.67]
rootfinding_iteration_3: fail - stagnated or diverging (residual = 0.00111500924237)
bisection_iteration_2: fail - move from [ 4.75, 3.67] to [ 4.38, 3.67]
bisection_iteration_3: success - moved from [ 4.75, 3.67] to [ 4.56, 3.67]
rootfinding_iteration_2: fail - stagnated or diverging (residual = 0.0433291091081)
bisection_iteration_1: fail - move from [ 4.56, 3.67] to [ 4.00, 3.67]
bisection_iteration_2: success - moved from [ 4.56, 3.67] to [ 4.28, 3.67]
rootfinding_iteration_2: fail - stagnated or diverging (residual = 0.212949870842)
bisection_iteration_1: fail - move from [ 4.28, 3.67] to [ 4.00, 3.67]
bisection_iteration_2: success - moved from [ 4.28, 3.67] to [ 4.14, 3.67]
bisection_iteration_1: success - moved from [ 4.14, 3.67] to [ 4.00, 3.67]
minresid_iteration_0: success - [ 4.00, 3.67] using coverages from [5.333333333333333, 3.6666666666666661]
minresid_iteration_0: success - [ 4.00, 2.33] using coverages from [ 4.00, 2.33]
minresid_iteration_0: success - [ 4.00, 1.00] using coverages from [ 4.00, 1.00]
minresid_iteration_0: success - [ 4.00,-0.33] using coverages from [ 4.00,-0.33]
minresid_iteration_0: success - [ 4.00,-1.67] using coverages from [ 4.00,-1.67]
minresid_iteration_0: success - [ 4.00,-3.00] using coverages from [ 4.00,-3.00]
rootfinding_iteration_11: fail - stagnated or diverging (residual = 766.369660206)
minresid_iteration_0: fail - [ 2.67, 5.00] using coverages from [ 2.67, 5.00]; initial residual was 2.38397549103e+12 (residual = 766.369660206)
minresid_iteration_1: success - [ 2.67, 5.00] using coverages from [ 4.00, 3.67]
rootfinding_iteration_15: fail - stagnated or diverging (residual = 18.3509521125)
minresid_iteration_0: fail - [ 2.67, 3.67] using coverages from [ 2.67, 3.67]; initial residual was 2.26952610138e+12 (residual = 18.3509521125)
minresid_iteration_1: success - [ 2.67, 3.67] using coverages from [ 2.67, 5.00]
rootfinding_iteration_18: fail - stagnated or diverging (residual = 3.5167651163)
minresid_iteration_0: fail - [ 2.67, 2.33] using coverages from [ 2.67, 2.33]; initial residual was 3.29213202426e+13 (residual = 3.5167651163)
minresid_iteration_1: success - [ 2.67, 2.33] using coverages from [ 2.67, 3.67]
minresid_iteration_0: success - [ 2.67, 1.00] using coverages from [ 2.67, 1.00]
minresid_iteration_0: success - [ 2.67,-0.33] using coverages from [ 2.67,-0.33]
minresid_iteration_0: success - [ 2.67,-1.67] using coverages from [ 2.67,-1.67]
minresid_iteration_0: success - [ 2.67,-3.00] using coverages from [ 2.67,-3.00]
minresid_iteration_0: success - [ 1.33, 5.00] using coverages from [ 1.33, 5.00]
minresid_iteration_0: success - [ 1.33, 3.67] using coverages from [ 1.33, 3.67]
rootfinding_iteration_100: maxiter - exceeded maximum iterations (residual = 1.0164318222e-49)
minresid_iteration_0: fail - [ 1.33, 2.33] using coverages from [ 1.33, 2.33]; initial residual was 31909531596.0 (residual = 1.0164318222e-49)
minresid_iteration_1: success - [ 1.33, 2.33] using coverages from [ 1.33, 3.67]
rootfinding_iteration_14: fail - stagnated or diverging (residual = 28526.6853706)
minresid_iteration_0: fail - [ 1.33, 1.00] using coverages from [ 1.33, 1.00]; initial residual was 4.03758868177e+11 (residual = 28526.6853706)
minresid_iteration_1: success - [ 1.33, 1.00] using coverages from [ 1.33, 2.33]
rootfinding_iteration_39: fail - stagnated or diverging (residual = 1.19072493368e-16)
minresid_iteration_0: fail - [ 1.33,-0.33] using coverages from [ 1.33,-0.33]; initial residual was 57203646.1903 (residual = 1.19072493368e-16)
minresid_iteration_1: success - [ 1.33,-0.33] using coverages from [ 1.33, 1.00]
minresid_iteration_0: success - [ 1.33,-1.67] using coverages from [ 1.33,-1.67]
minresid_iteration_0: success - [ 1.33,-3.00] using coverages from [ 1.33,-3.00]
minresid_iteration_0: success - [ 0.00, 5.00] using coverages from [ 0.00, 5.00]
minresid_iteration_0: success - [ 0.00, 3.67] using coverages from [ 0.00, 3.67]
minresid_iteration_0: success - [ 0.00, 2.33] using coverages from [ 0.00, 2.33]
minresid_iteration_0: success - [ 0.00, 1.00] using coverages from [ 0.00, 1.00]
minresid_iteration_0: success - [ 0.00,-0.33] using coverages from [ 0.00,-0.33]
rootfinding_iteration_66: fail - stagnated or diverging (residual = 1.89038081612e-33)
minresid_iteration_0: fail - [ 0.00,-1.67] using coverages from [ 0.00,-1.67]; initial residual was 9496566.39918 (residual = 1.89038081612e-33)
minresid_iteration_1: success - [ 0.00,-1.67] using coverages from [ 0.00,-0.33]
minresid_iteration_0: success - [ 0.00,-3.00] using coverages from [ 0.00,-3.00]
mapper_iteration_1: status - 1 points do not have valid solution.
rootfinding_iteration_2: fail - stagnated or diverging (residual = 9.94837698784e-05)
minresid_iteration_0: fail - [ 4.00, 5.00] using coverages from [ 4.00, 3.67]; initial residual was 0.000101060332341 (residual = 9.94837698784e-05)
minresid_iteration_1: success - [ 4.00, 5.00] using coverages from [ 2.67, 5.00]
mapper_iteration_2: status - 0 points do not have valid solution."""